{
  "stats": {
    "suites": 1,
    "tests": 1,
    "passes": 0,
    "pending": 0,
    "failures": 1,
    "start": "2023-06-15T18:30:16.896Z",
    "end": "2023-06-15T18:30:17.516Z",
    "duration": 620,
    "testsRegistered": 7,
    "passPercent": 0,
    "pendingPercent": 0,
    "other": 0,
    "hasOther": false,
    "skipped": 6,
    "hasSkipped": true
  },
  "results": [
    {
      "uuid": "4c476125-ff62-4889-83cd-6b592b9364a7",
      "title": "",
      "fullFile": "cypress/integration/produtos.spec.js",
      "file": "cypress/integration/produtos.spec.js",
      "beforeHooks": [],
      "afterHooks": [],
      "tests": [],
      "suites": [
        {
          "uuid": "8d19b82b-4d31-41b3-bc35-325e6fb5d0ac",
          "title": "Testes da Funcionalidade Produtos",
          "fullFile": "",
          "file": "",
          "beforeHooks": [],
          "afterHooks": [],
          "tests": [
            {
              "title": "Deve validar contrato de produtos",
              "fullTitle": "Testes da Funcionalidade Produtos Deve validar contrato de produtos",
              "timedOut": null,
              "duration": 526,
              "state": "failed",
              "speed": null,
              "pass": false,
              "fail": true,
              "pending": false,
              "context": null,
              "code": "cy.request('produtos').then(response => {\n  return _produtos.default.validateAsync(response.body);\n});",
              "err": {
                "message": "CypressError: `cy.request()` failed on:\n\nhttps://serverest.dev/login\n\nThe response we received from your web server was:\n\n  > 401: Unauthorized\n\nThis was considered a failure because the status code was not `2xx` or `3xx`.\n\nIf you do not want status codes to cause failures pass the option: `failOnStatusCode: false`\n\n-----------------------------------------------------------\n\nThe request we sent was:\n\nMethod: POST\nURL: https://serverest.dev/login\nHeaders: {\n  \"Connection\": \"keep-alive\",\n  \"user-agent\": \"Mozilla/5.0 (Windows NT 10.0; Win64; x64) AppleWebKit/537.36 (KHTML, like Gecko) Cypress/9.7.0 Chrome/100.0.4896.75 Electron/18.0.4 Safari/537.36\",\n  \"accept\": \"*/*\",\n  \"accept-encoding\": \"gzip, deflate\",\n  \"content-type\": \"application/json\",\n  \"content-length\": 44\n}\nBody: {\"email\":\"fulano@qa.com\",\"password\":\"teste\"}\n\n-----------------------------------------------------------\n\nThe response we got was:\n\nStatus: 401 - Unauthorized\nHeaders: {\n  \"access-control-allow-origin\": \"*\",\n  \"x-dns-prefetch-control\": \"off\",\n  \"x-frame-options\": \"SAMEORIGIN\",\n  \"strict-transport-security\": \"max-age=15552000; includeSubDomains\",\n  \"x-download-options\": \"noopen\",\n  \"x-content-type-options\": \"nosniff\",\n  \"x-xss-protection\": \"1; mode=block\",\n  \"x-moesif-transaction-id\": \"40f9459f-5806-4fef-8e23-74b769e9b71c\",\n  \"content-type\": \"application/json; charset=utf-8\",\n  \"x-cloud-trace-context\": \"66e68461e519fd6c664486cbba65642f;o=1\",\n  \"date\": \"Thu, 15 Jun 2023 18:30:17 GMT\",\n  \"server\": \"Google Frontend\",\n  \"content-length\": \"48\"\n}\nBody: {\n  \"message\": \"Email e/ou senha inválidos\"\n}\n\n\nhttps://on.cypress.io/request\n\nBecause this error occurred during a `before all` hook we are skipping the remaining tests in the current suite: `Testes da Funcionalidade Pr...`",
                "estack": "CypressError: `cy.request()` failed on:\n\nhttps://serverest.dev/login\n\nThe response we received from your web server was:\n\n  > 401: Unauthorized\n\nThis was considered a failure because the status code was not `2xx` or `3xx`.\n\nIf you do not want status codes to cause failures pass the option: `failOnStatusCode: false`\n\n-----------------------------------------------------------\n\nThe request we sent was:\n\nMethod: POST\nURL: https://serverest.dev/login\nHeaders: {\n  \"Connection\": \"keep-alive\",\n  \"user-agent\": \"Mozilla/5.0 (Windows NT 10.0; Win64; x64) AppleWebKit/537.36 (KHTML, like Gecko) Cypress/9.7.0 Chrome/100.0.4896.75 Electron/18.0.4 Safari/537.36\",\n  \"accept\": \"*/*\",\n  \"accept-encoding\": \"gzip, deflate\",\n  \"content-type\": \"application/json\",\n  \"content-length\": 44\n}\nBody: {\"email\":\"fulano@qa.com\",\"password\":\"teste\"}\n\n-----------------------------------------------------------\n\nThe response we got was:\n\nStatus: 401 - Unauthorized\nHeaders: {\n  \"access-control-allow-origin\": \"*\",\n  \"x-dns-prefetch-control\": \"off\",\n  \"x-frame-options\": \"SAMEORIGIN\",\n  \"strict-transport-security\": \"max-age=15552000; includeSubDomains\",\n  \"x-download-options\": \"noopen\",\n  \"x-content-type-options\": \"nosniff\",\n  \"x-xss-protection\": \"1; mode=block\",\n  \"x-moesif-transaction-id\": \"40f9459f-5806-4fef-8e23-74b769e9b71c\",\n  \"content-type\": \"application/json; charset=utf-8\",\n  \"x-cloud-trace-context\": \"66e68461e519fd6c664486cbba65642f;o=1\",\n  \"date\": \"Thu, 15 Jun 2023 18:30:17 GMT\",\n  \"server\": \"Google Frontend\",\n  \"content-length\": \"48\"\n}\nBody: {\n  \"message\": \"Email e/ou senha inválidos\"\n}\n\n\nhttps://on.cypress.io/request\n\nBecause this error occurred during a `before all` hook we are skipping the remaining tests in the current suite: `Testes da Funcionalidade Pr...`\n    at https://serverest.dev/__cypress/runner/cypress_runner.js:165434:80\n    at tryCatcher (https://serverest.dev/__cypress/runner/cypress_runner.js:13022:23)\n    at Promise._settlePromiseFromHandler (https://serverest.dev/__cypress/runner/cypress_runner.js:10957:31)\n    at Promise._settlePromise (https://serverest.dev/__cypress/runner/cypress_runner.js:11014:18)\n    at Promise._settlePromise0 (https://serverest.dev/__cypress/runner/cypress_runner.js:11059:10)\n    at Promise._settlePromises (https://serverest.dev/__cypress/runner/cypress_runner.js:11139:18)\n    at _drainQueueStep (https://serverest.dev/__cypress/runner/cypress_runner.js:7729:12)\n    at _drainQueue (https://serverest.dev/__cypress/runner/cypress_runner.js:7722:9)\n    at Async.../../node_modules/bluebird/js/release/async.js.Async._drainQueues (https://serverest.dev/__cypress/runner/cypress_runner.js:7738:5)\n    at Async.drainQueues (https://serverest.dev/__cypress/runner/cypress_runner.js:7608:14)\nFrom Your Spec Code:\n    at Context.eval (https://serverest.dev/__cypress/tests?p=cypress\\integration\\produtos.spec.js:287:6)",
                "diff": null
              },
              "uuid": "5c41d496-63a3-469b-b0e7-1a7a4da004b1",
              "parentUUID": "8d19b82b-4d31-41b3-bc35-325e6fb5d0ac",
              "isHook": false,
              "skipped": false
            },
            {
              "title": "Listar Produtos",
              "fullTitle": "Testes da Funcionalidade Produtos Listar Produtos",
              "timedOut": null,
              "duration": 0,
              "state": "skipped",
              "speed": null,
              "pass": false,
              "fail": false,
              "pending": false,
              "context": null,
              "code": "cy.request({\n  method: 'GET',\n  url: 'produtos'\n}).then(response => {\n  expect(response.status).to.equal(200);\n  expect(response.body).to.have.property('produtos');\n  expect(response.duration).to.be.lessThan(15);\n});",
              "err": {},
              "uuid": "c1212859-f803-410d-a529-4144679e49ac",
              "parentUUID": "8d19b82b-4d31-41b3-bc35-325e6fb5d0ac",
              "isHook": false,
              "skipped": true
            },
            {
              "title": "Cadastrar produto",
              "fullTitle": "Testes da Funcionalidade Produtos Cadastrar produto",
              "timedOut": null,
              "duration": 0,
              "state": "skipped",
              "speed": null,
              "pass": false,
              "fail": false,
              "pending": false,
              "context": null,
              "code": "let produto = `Produto EBAC ${Math.floor(Math.random() * 10000000)}`;\ncy.request({\n  method: 'POST',\n  url: 'produtos',\n  body: {\n    \"nome\": produto,\n    \"preco\": 5300,\n    \"descricao\": \"Monitor\",\n    \"quantidade\": 5\n  },\n  headers: {\n    authorization: token\n  }\n}).then(response => {\n  expect(response.status).to.equal(201);\n  expect(response.body.message).to.equal('Cadastro realizado com sucesso');\n});",
              "err": {},
              "uuid": "896a9ac3-f4f2-4102-9b81-3c15e6790c76",
              "parentUUID": "8d19b82b-4d31-41b3-bc35-325e6fb5d0ac",
              "isHook": false,
              "skipped": true
            },
            {
              "title": "Deve validar mensagem de erro se item for repetido",
              "fullTitle": "Testes da Funcionalidade Produtos Deve validar mensagem de erro se item for repetido",
              "timedOut": null,
              "duration": 0,
              "state": "skipped",
              "speed": null,
              "pass": false,
              "fail": false,
              "pending": false,
              "context": null,
              "code": "cy.cadastrarProduto(token, 'Produto EBAC 5654452', '250', 'Descricao aqui', '180').then(response => {\n  expect(response.status).to.equal(400);\n  expect(response.body.message).to.equal('Já existe produto com esse nome');\n});",
              "err": {},
              "uuid": "d7e0aceb-46b1-4625-9a59-853a2c3d6f87",
              "parentUUID": "8d19b82b-4d31-41b3-bc35-325e6fb5d0ac",
              "isHook": false,
              "skipped": true
            },
            {
              "title": "Deve editar um produto já cadastrado",
              "fullTitle": "Testes da Funcionalidade Produtos Deve editar um produto já cadastrado",
              "timedOut": null,
              "duration": 0,
              "state": "skipped",
              "speed": null,
              "pass": false,
              "fail": false,
              "pending": false,
              "context": null,
              "code": "cy.request('produtos').then(response => {\n  let id = response.body.produtos[0]._id;\n  cy.request({\n    method: 'PUT',\n    url: `produtos/${id}`,\n    headers: {\n      authorization: token\n    },\n    failOnStatusCode: false,\n    body: {\n      \"nome\": \"Produto EBAC 509\",\n      \"preco\": 100,\n      \"descricao\": \"Editado agora\",\n      \"quantidade\": 150\n    }\n  }).then(response => {\n    expect(response.body.message).to.equal('Registro alterado com sucesso');\n  });\n});",
              "err": {},
              "uuid": "6609815c-4320-41c4-b905-84b27fe61bc6",
              "parentUUID": "8d19b82b-4d31-41b3-bc35-325e6fb5d0ac",
              "isHook": false,
              "skipped": true
            },
            {
              "title": "Deve editar um produto cadastrado previamente",
              "fullTitle": "Testes da Funcionalidade Produtos Deve editar um produto cadastrado previamente",
              "timedOut": null,
              "duration": 0,
              "state": "skipped",
              "speed": null,
              "pass": false,
              "fail": false,
              "pending": false,
              "context": null,
              "code": "let produto = `Produto EBAC ${Math.floor(Math.random() * 10000000)}`;\ncy.cadastrarProduto(token, produto, '250', 'Descricao aqui', '180').then(response => {\n  let id = response.body._id;\n  cy.request({\n    method: 'PUT',\n    url: `produtos/${id}`,\n    headers: {\n      authorization: token\n    },\n    body: {\n      \"nome\": produto,\n      \"preco\": 500,\n      \"descricao\": \"Editado agora mesmo\",\n      \"quantidade\": 300\n    }\n  }).then(response => {\n    expect(response.body.message).to.equal('Registro alterado com sucesso');\n  });\n});",
              "err": {},
              "uuid": "b504f9cd-e860-400f-98cb-a9bf3e3306f7",
              "parentUUID": "8d19b82b-4d31-41b3-bc35-325e6fb5d0ac",
              "isHook": false,
              "skipped": true
            },
            {
              "title": "Deve deletar um produto",
              "fullTitle": "Testes da Funcionalidade Produtos Deve deletar um produto",
              "timedOut": null,
              "duration": 0,
              "state": "skipped",
              "speed": null,
              "pass": false,
              "fail": false,
              "pending": false,
              "context": null,
              "code": "let produto = `Produto EBAC ${Math.floor(Math.random() * 10000000)}`;\ncy.cadastrarProduto(token, produto, '250', 'Descricao aqui', '180').then(response => {\n  let id = response.body._id;\n  cy.request({\n    method: 'DELETE',\n    url: `produtos/${id}`,\n    headers: {\n      authorization: token\n    }\n  }).then(response => {\n    expect(response.body.message).to.equal('Registro excluído com sucesso');\n    expect(response.status).to.equal(200);\n  });\n});",
              "err": {},
              "uuid": "27dec5f9-a00e-4aea-a16e-159133dbb0bc",
              "parentUUID": "8d19b82b-4d31-41b3-bc35-325e6fb5d0ac",
              "isHook": false,
              "skipped": true
            }
          ],
          "suites": [],
          "passes": [],
          "failures": [
            "5c41d496-63a3-469b-b0e7-1a7a4da004b1"
          ],
          "pending": [],
          "skipped": [
            "c1212859-f803-410d-a529-4144679e49ac",
            "896a9ac3-f4f2-4102-9b81-3c15e6790c76",
            "d7e0aceb-46b1-4625-9a59-853a2c3d6f87",
            "6609815c-4320-41c4-b905-84b27fe61bc6",
            "b504f9cd-e860-400f-98cb-a9bf3e3306f7",
            "27dec5f9-a00e-4aea-a16e-159133dbb0bc"
          ],
          "duration": 526,
          "root": false,
          "rootEmpty": false,
          "_timeout": 2000
        }
      ],
      "passes": [],
      "failures": [],
      "pending": [],
      "skipped": [],
      "duration": 0,
      "root": true,
      "rootEmpty": true,
      "_timeout": 2000
    }
  ],
  "meta": {
    "mocha": {
      "version": "7.0.1"
    },
    "mochawesome": {
      "options": {
        "quiet": false,
        "reportFilename": "mochawesome",
        "saveHtml": false,
        "saveJson": true,
        "consoleReporter": "spec",
        "useInlineDiffs": false,
        "code": true
      },
      "version": "7.1.3"
    },
    "marge": {
      "options": {
        "reportDir": "mochawesome-report",
        "overwrite": false,
        "html": false,
        "json": true
      },
      "version": "6.2.0"
    }
  }
}